c:\users\ewan\documents\of_v0.9.3_vs_release\apps\myapps\kinect\obj\debug\ofapp.obj
c:\users\ewan\documents\of_v0.9.3_vs_release\apps\myapps\kinect\obj\debug\bodyindex.obj
c:\users\ewan\documents\of_v0.9.3_vs_release\apps\myapps\kinect\obj\debug\depth.obj
c:\users\ewan\documents\of_v0.9.3_vs_release\apps\myapps\kinect\obj\debug\utils.obj
c:\users\ewan\documents\of_v0.9.3_vs_release\apps\myapps\kinect\obj\debug\body.obj
c:\users\ewan\documents\of_v0.9.3_vs_release\apps\myapps\kinect\obj\debug\longexposureinfrared.obj
c:\users\ewan\documents\of_v0.9.3_vs_release\apps\myapps\kinect\obj\debug\main.obj
c:\users\ewan\documents\of_v0.9.3_vs_release\apps\myapps\kinect\obj\debug\baseimage.obj
c:\users\ewan\documents\of_v0.9.3_vs_release\apps\myapps\kinect\obj\debug\color.obj
c:\users\ewan\documents\of_v0.9.3_vs_release\apps\myapps\kinect\obj\debug\joint.obj
c:\users\ewan\documents\of_v0.9.3_vs_release\apps\myapps\kinect\obj\debug\device.obj
c:\users\ewan\documents\of_v0.9.3_vs_release\apps\myapps\kinect\obj\debug\infrared.obj
c:\users\ewan\documents\of_v0.9.3_vs_release\apps\myapps\kinect\obj\debug\wings.obj
c:\users\ewan\documents\of_v0.9.3_vs_release\apps\myapps\kinect\obj\debug\vc140.pdb
c:\users\ewan\documents\of_v0.9.3_vs_release\apps\myapps\kinect\bin\kinect_debug.lib
c:\users\ewan\documents\of_v0.9.3_vs_release\apps\myapps\kinect\bin\kinect_debug.exp
c:\users\ewan\documents\of_v0.9.3_vs_release\apps\myapps\kinect\bin\kinect_debug.ilk
c:\users\ewan\documents\of_v0.9.3_vs_release\apps\myapps\kinect\bin\kinect_debug.exe
c:\users\ewan\documents\of_v0.9.3_vs_release\apps\myapps\kinect\bin\kinect_debug.pdb
c:\users\ewan\documents\of_v0.9.3_vs_release\apps\myapps\kinect\obj\debug\icon.res
c:\users\ewan\documents\of_v0.9.3_vs_release\apps\myapps\kinect\obj\debug\kinect.vcxprojresolveassemblyreference.cache
c:\users\ewan\documents\of_v0.9.3_vs_release\apps\myapps\kinect\obj\debug\kinect.tlog\cl.command.1.tlog
c:\users\ewan\documents\of_v0.9.3_vs_release\apps\myapps\kinect\obj\debug\kinect.tlog\cl.read.1.tlog
c:\users\ewan\documents\of_v0.9.3_vs_release\apps\myapps\kinect\obj\debug\kinect.tlog\cl.write.1.tlog
c:\users\ewan\documents\of_v0.9.3_vs_release\apps\myapps\kinect\obj\debug\kinect.tlog\kinect.write.1u.tlog
c:\users\ewan\documents\of_v0.9.3_vs_release\apps\myapps\kinect\obj\debug\kinect.tlog\link.command.1.tlog
c:\users\ewan\documents\of_v0.9.3_vs_release\apps\myapps\kinect\obj\debug\kinect.tlog\link.read.1.tlog
c:\users\ewan\documents\of_v0.9.3_vs_release\apps\myapps\kinect\obj\debug\kinect.tlog\link.write.1.tlog
c:\users\ewan\documents\of_v0.9.3_vs_release\apps\myapps\kinect\obj\debug\kinect.tlog\rc.command.1.tlog
c:\users\ewan\documents\of_v0.9.3_vs_release\apps\myapps\kinect\obj\debug\kinect.tlog\rc.read.1.tlog
c:\users\ewan\documents\of_v0.9.3_vs_release\apps\myapps\kinect\obj\debug\kinect.tlog\rc.write.1.tlog
